\BOOKMARK [0][-]{chapter.1}{\376\377\0001\000\040\000N\000a\000m\000e\000s\000p\000a\000c\000e\000\040\000I\000n\000d\000e\000x}{}% 1
\BOOKMARK [1][-]{section.1.1}{\376\377\0001\000.\0001\000\040\000N\000a\000m\000e\000s\000p\000a\000c\000e\000\040\000L\000i\000s\000t}{chapter.1}% 2
\BOOKMARK [0][-]{chapter.2}{\376\377\0002\000\040\000C\000l\000a\000s\000s\000\040\000I\000n\000d\000e\000x}{}% 3
\BOOKMARK [1][-]{section.2.1}{\376\377\0002\000.\0001\000\040\000C\000l\000a\000s\000s\000\040\000L\000i\000s\000t}{chapter.2}% 4
\BOOKMARK [0][-]{chapter.3}{\376\377\0003\000\040\000N\000a\000m\000e\000s\000p\000a\000c\000e\000\040\000D\000o\000c\000u\000m\000e\000n\000t\000a\000t\000i\000o\000n}{}% 5
\BOOKMARK [1][-]{section.3.1}{\376\377\0003\000.\0001\000\040\000c\000P\000r\000o\000f\000i\000l\000e\000r\000\040\000N\000a\000m\000e\000s\000p\000a\000c\000e\000\040\000R\000e\000f\000e\000r\000e\000n\000c\000e}{chapter.3}% 6
\BOOKMARK [2][-]{subsection.3.1.1}{\376\377\0003\000.\0001\000.\0001\000\040\000D\000e\000t\000a\000i\000l\000e\000d\000\040\000D\000e\000s\000c\000r\000i\000p\000t\000i\000o\000n}{section.3.1}% 7
\BOOKMARK [2][-]{subsection.3.1.2}{\376\377\0003\000.\0001\000.\0002\000\040\000F\000u\000n\000c\000t\000i\000o\000n\000\040\000D\000o\000c\000u\000m\000e\000n\000t\000a\000t\000i\000o\000n}{section.3.1}% 8
\BOOKMARK [3][-]{subsubsection.3.1.2.1}{\376\377\0003\000.\0001\000.\0002\000.\0001\000\040\000m\000a\000i\000n\000\050\000\051}{subsection.3.1.2}% 9
\BOOKMARK [1][-]{section.3.2}{\376\377\0003\000.\0002\000\040\000m\000a\000i\000n\000\040\000N\000a\000m\000e\000s\000p\000a\000c\000e\000\040\000R\000e\000f\000e\000r\000e\000n\000c\000e}{chapter.3}% 10
\BOOKMARK [2][-]{subsection.3.2.1}{\376\377\0003\000.\0002\000.\0001\000\040\000D\000e\000t\000a\000i\000l\000e\000d\000\040\000D\000e\000s\000c\000r\000i\000p\000t\000i\000o\000n}{section.3.2}% 11
\BOOKMARK [2][-]{subsection.3.2.2}{\376\377\0003\000.\0002\000.\0002\000\040\000F\000u\000n\000c\000t\000i\000o\000n\000\040\000D\000o\000c\000u\000m\000e\000n\000t\000a\000t\000i\000o\000n}{section.3.2}% 12
\BOOKMARK [3][-]{subsubsection.3.2.2.1}{\376\377\0003\000.\0002\000.\0002\000.\0001\000\040\000m\000a\000i\000n\000\050\000\051}{subsection.3.2.2}% 13
\BOOKMARK [1][-]{section.3.3}{\376\377\0003\000.\0003\000\040\000s\000r\000c\000.\000a\000r\000g\000u\000m\000e\000n\000t\000s\000M\000a\000n\000a\000g\000e\000r\000\040\000N\000a\000m\000e\000s\000p\000a\000c\000e\000\040\000R\000e\000f\000e\000r\000e\000n\000c\000e}{chapter.3}% 14
\BOOKMARK [2][-]{subsection.3.3.1}{\376\377\0003\000.\0003\000.\0001\000\040\000D\000e\000t\000a\000i\000l\000e\000d\000\040\000D\000e\000s\000c\000r\000i\000p\000t\000i\000o\000n}{section.3.3}% 15
\BOOKMARK [2][-]{subsection.3.3.2}{\376\377\0003\000.\0003\000.\0002\000\040\000V\000a\000r\000i\000a\000b\000l\000e\000\040\000D\000o\000c\000u\000m\000e\000n\000t\000a\000t\000i\000o\000n}{section.3.3}% 16
\BOOKMARK [3][-]{subsubsection.3.3.2.1}{\376\377\0003\000.\0003\000.\0002\000.\0001\000\040\000P\000O\000S\000S\000I\000B\000L\000E\000G\000R\000A\000D\000D\000E\000S\000C\000F\000A\000C\000T\000F\000U\000N\000C}{subsection.3.3.2}% 17
\BOOKMARK [1][-]{section.3.4}{\376\377\0003\000.\0004\000\040\000s\000r\000c\000.\000e\000x\000t\000e\000r\000n\000a\000l\000F\000u\000n\000c\000\040\000N\000a\000m\000e\000s\000p\000a\000c\000e\000\040\000R\000e\000f\000e\000r\000e\000n\000c\000e}{chapter.3}% 18
\BOOKMARK [2][-]{subsection.3.4.1}{\376\377\0003\000.\0004\000.\0001\000\040\000D\000e\000t\000a\000i\000l\000e\000d\000\040\000D\000e\000s\000c\000r\000i\000p\000t\000i\000o\000n}{section.3.4}% 19
\BOOKMARK [2][-]{subsection.3.4.2}{\376\377\0003\000.\0004\000.\0002\000\040\000F\000u\000n\000c\000t\000i\000o\000n\000\040\000D\000o\000c\000u\000m\000e\000n\000t\000a\000t\000i\000o\000n}{section.3.4}% 20
\BOOKMARK [3][-]{subsubsection.3.4.2.1}{\376\377\0003\000.\0004\000.\0002\000.\0001\000\040\000C\000o\000n\000s\000t\000a\000n\000t\000\050\000n\000,\000\040\000v\000a\000l\000u\000e\000=\0001\000\051}{subsection.3.4.2}% 21
\BOOKMARK [3][-]{subsubsection.3.4.2.2}{\376\377\0003\000.\0004\000.\0002\000.\0002\000\040\000C\000o\000s\000t\000F\000u\000n\000c\000t\000i\000o\000n\000\050\000o\000u\000t\000p\000u\000t\000l\000a\000y\000e\000r\000,\000\040\000p\000e\000r\000f\000e\000c\000t\000o\000u\000t\000p\000u\000t\000\051}{subsection.3.4.2}% 22
\BOOKMARK [3][-]{subsubsection.3.4.2.3}{\376\377\0003\000.\0004\000.\0002\000.\0003\000\040\000D\000e\000r\000C\000o\000s\000t\000F\000u\000n\000c\000t\000i\000o\000n\000\050\000o\000u\000t\000p\000u\000t\000l\000a\000y\000e\000r\000,\000\040\000p\000e\000r\000f\000e\000c\000t\000o\000u\000t\000p\000u\000t\000\051}{subsection.3.4.2}% 23
\BOOKMARK [3][-]{subsubsection.3.4.2.4}{\376\377\0003\000.\0004\000.\0002\000.\0004\000\040\000i\000s\000f\000l\000o\000a\000t\000\050\000s\000t\000r\000i\000n\000g\000\051}{subsection.3.4.2}% 24
\BOOKMARK [3][-]{subsubsection.3.4.2.5}{\376\377\0003\000.\0004\000.\0002\000.\0005\000\040\000N\000e\000g\000P\000o\000w\000e\000r\000\050\000n\000,\000\040\000v\000a\000l\000u\000e\000=\0001\000.\0003\000\051}{subsection.3.4.2}% 25
\BOOKMARK [3][-]{subsubsection.3.4.2.6}{\376\377\0003\000.\0004\000.\0002\000.\0006\000\040\000p\000r\000o\000g\000r\000e\000s\000s\000b\000a\000r\000\050\000i\000t\000,\000\040\000p\000r\000e\000f\000i\000x\000=\000"\000"\000,\000\040\000s\000i\000z\000e\000=\0006\0000\000\051}{subsection.3.4.2}% 26
\BOOKMARK [1][-]{section.3.5}{\376\377\0003\000.\0005\000\040\000s\000r\000c\000.\000n\000e\000u\000r\000a\000l\000N\000e\000t\000w\000o\000r\000k\000\040\000N\000a\000m\000e\000s\000p\000a\000c\000e\000\040\000R\000e\000f\000e\000r\000e\000n\000c\000e}{chapter.3}% 27
\BOOKMARK [2][-]{subsection.3.5.1}{\376\377\0003\000.\0005\000.\0001\000\040\000D\000e\000t\000a\000i\000l\000e\000d\000\040\000D\000e\000s\000c\000r\000i\000p\000t\000i\000o\000n}{section.3.5}% 28
\BOOKMARK [1][-]{section.3.6}{\376\377\0003\000.\0006\000\040\000s\000r\000c\000.\000s\000q\000u\000i\000s\000h\000i\000n\000g\000F\000u\000n\000c\000\040\000N\000a\000m\000e\000s\000p\000a\000c\000e\000\040\000R\000e\000f\000e\000r\000e\000n\000c\000e}{chapter.3}% 29
\BOOKMARK [2][-]{subsection.3.6.1}{\376\377\0003\000.\0006\000.\0001\000\040\000D\000e\000t\000a\000i\000l\000e\000d\000\040\000D\000e\000s\000c\000r\000i\000p\000t\000i\000o\000n}{section.3.6}% 30
\BOOKMARK [2][-]{subsection.3.6.2}{\376\377\0003\000.\0006\000.\0002\000\040\000F\000u\000n\000c\000t\000i\000o\000n\000\040\000D\000o\000c\000u\000m\000e\000n\000t\000a\000t\000i\000o\000n}{section.3.6}% 31
\BOOKMARK [3][-]{subsubsection.3.6.2.1}{\376\377\0003\000.\0006\000.\0002\000.\0001\000\040\000D\000e\000r\000R\000e\000E\000U\000\050\000x\000\051}{subsection.3.6.2}% 32
\BOOKMARK [3][-]{subsubsection.3.6.2.2}{\376\377\0003\000.\0006\000.\0002\000.\0002\000\040\000D\000e\000r\000R\000e\000L\000U\000\050\000x\000\051}{subsection.3.6.2}% 33
\BOOKMARK [3][-]{subsubsection.3.6.2.3}{\376\377\0003\000.\0006\000.\0002\000.\0003\000\040\000D\000e\000r\000S\000i\000g\000m\000o\000i\000d\000\050\000x\000\051}{subsection.3.6.2}% 34
\BOOKMARK [3][-]{subsubsection.3.6.2.4}{\376\377\0003\000.\0006\000.\0002\000.\0004\000\040\000I\000n\000v\000R\000e\000E\000U\000\050\000x\000\051}{subsection.3.6.2}% 35
\BOOKMARK [3][-]{subsubsection.3.6.2.5}{\376\377\0003\000.\0006\000.\0002\000.\0005\000\040\000I\000n\000v\000R\000e\000L\000U\000\050\000x\000\051}{subsection.3.6.2}% 36
\BOOKMARK [3][-]{subsubsection.3.6.2.6}{\376\377\0003\000.\0006\000.\0002\000.\0006\000\040\000I\000n\000v\000S\000i\000g\000m\000o\000i\000d\000\050\000x\000\051}{subsection.3.6.2}% 37
\BOOKMARK [3][-]{subsubsection.3.6.2.7}{\376\377\0003\000.\0006\000.\0002\000.\0007\000\040\000R\000e\000E\000U\000\050\000x\000\051}{subsection.3.6.2}% 38
\BOOKMARK [3][-]{subsubsection.3.6.2.8}{\376\377\0003\000.\0006\000.\0002\000.\0008\000\040\000R\000e\000L\000U\000\050\000x\000\051}{subsection.3.6.2}% 39
\BOOKMARK [3][-]{subsubsection.3.6.2.9}{\376\377\0003\000.\0006\000.\0002\000.\0009\000\040\000S\000i\000g\000m\000o\000i\000d\000\050\000x\000\051}{subsection.3.6.2}% 40
\BOOKMARK [0][-]{chapter.4}{\376\377\0004\000\040\000C\000l\000a\000s\000s\000\040\000D\000o\000c\000u\000m\000e\000n\000t\000a\000t\000i\000o\000n}{}% 41
\BOOKMARK [1][-]{section.4.1}{\376\377\0004\000.\0001\000\040\000s\000r\000c\000.\000a\000r\000g\000u\000m\000e\000n\000t\000s\000M\000a\000n\000a\000g\000e\000r\000.\000A\000r\000g\000s\000M\000a\000n\000a\000g\000e\000r\000\040\000C\000l\000a\000s\000s\000\040\000R\000e\000f\000e\000r\000e\000n\000c\000e}{chapter.4}% 42
\BOOKMARK [2][-]{subsection.4.1.1}{\376\377\0004\000.\0001\000.\0001\000\040\000D\000e\000t\000a\000i\000l\000e\000d\000\040\000D\000e\000s\000c\000r\000i\000p\000t\000i\000o\000n}{section.4.1}% 43
\BOOKMARK [2][-]{subsection.4.1.2}{\376\377\0004\000.\0001\000.\0002\000\040\000C\000o\000n\000s\000t\000r\000u\000c\000t\000o\000r\000\040\000\046\000\040\000D\000e\000s\000t\000r\000u\000c\000t\000o\000r\000\040\000D\000o\000c\000u\000m\000e\000n\000t\000a\000t\000i\000o\000n}{section.4.1}% 44
\BOOKMARK [3][-]{subsubsection.4.1.2.1}{\376\377\0004\000.\0001\000.\0002\000.\0001\000\040\000i\000n\000i\000t\000\050\000s\000e\000l\000f\000,\000\040\000l\000i\000s\000t\000a\000r\000g\000s\000\051}{subsection.4.1.2}% 45
\BOOKMARK [2][-]{subsection.4.1.3}{\376\377\0004\000.\0001\000.\0003\000\040\000M\000e\000m\000b\000e\000r\000\040\000F\000u\000n\000c\000t\000i\000o\000n\000\040\000D\000o\000c\000u\000m\000e\000n\000t\000a\000t\000i\000o\000n}{section.4.1}% 46
\BOOKMARK [3][-]{subsubsection.4.1.3.1}{\376\377\0004\000.\0001\000.\0003\000.\0001\000\040\000a\000n\000a\000l\000y\000s\000e\000A\000r\000g\000s\000\050\000s\000e\000l\000f\000,\000\040\000l\000i\000s\000t\000a\000r\000g\000s\000\051}{subsection.4.1.3}% 47
\BOOKMARK [3][-]{subsubsection.4.1.3.2}{\376\377\0004\000.\0001\000.\0003\000.\0002\000\040\000c\000h\000e\000c\000k\000B\000a\000t\000c\000h\000e\000s\000S\000i\000z\000e\000A\000r\000g\000\050\000s\000e\000l\000f\000,\000\040\000a\000r\000g\000\051}{subsection.4.1.3}% 48
\BOOKMARK [3][-]{subsubsection.4.1.3.3}{\376\377\0004\000.\0001\000.\0003\000.\0003\000\040\000c\000h\000e\000c\000k\000G\000r\000a\000d\000i\000e\000n\000t\000D\000e\000s\000c\000e\000n\000t\000F\000a\000c\000t\000o\000r\000A\000r\000g\000\050\000s\000e\000l\000f\000,\000\040\000a\000r\000g\000\051}{subsection.4.1.3}% 49
\BOOKMARK [3][-]{subsubsection.4.1.3.4}{\376\377\0004\000.\0001\000.\0003\000.\0004\000\040\000c\000h\000e\000c\000k\000I\000n\000i\000t\000A\000r\000g\000\050\000s\000e\000l\000f\000,\000\040\000a\000r\000g\000,\000\040\000m\000a\000i\000n\000d\000i\000r\000\051}{subsection.4.1.3}% 50
\BOOKMARK [3][-]{subsubsection.4.1.3.5}{\376\377\0004\000.\0001\000.\0003\000.\0005\000\040\000c\000h\000e\000c\000k\000L\000e\000a\000r\000n\000i\000n\000g\000S\000i\000z\000e\000A\000r\000g\000\050\000s\000e\000l\000f\000,\000\040\000a\000r\000g\000\051}{subsection.4.1.3}% 51
\BOOKMARK [3][-]{subsubsection.4.1.3.6}{\376\377\0004\000.\0001\000.\0003\000.\0006\000\040\000c\000h\000e\000c\000k\000N\000e\000u\000r\000a\000l\000N\000e\000t\000w\000o\000r\000k\000A\000r\000g\000\050\000s\000e\000l\000f\000,\000\040\000d\000o\000c\000u\000m\000e\000n\000t\000\051}{subsection.4.1.3}% 52
\BOOKMARK [3][-]{subsubsection.4.1.3.7}{\376\377\0004\000.\0001\000.\0003\000.\0007\000\040\000c\000h\000e\000c\000k\000R\000e\000p\000e\000a\000t\000A\000r\000g\000\050\000s\000e\000l\000f\000,\000\040\000a\000r\000g\000\051}{subsection.4.1.3}% 53
\BOOKMARK [3][-]{subsubsection.4.1.3.8}{\376\377\0004\000.\0001\000.\0003\000.\0008\000\040\000c\000h\000e\000c\000k\000S\000a\000v\000e\000A\000r\000g\000\050\000s\000e\000l\000f\000,\000\040\000m\000a\000i\000n\000d\000i\000r\000\051}{subsection.4.1.3}% 54
\BOOKMARK [3][-]{subsubsection.4.1.3.9}{\376\377\0004\000.\0001\000.\0003\000.\0009\000\040\000c\000h\000e\000c\000k\000S\000q\000u\000i\000s\000h\000i\000n\000g\000F\000u\000n\000c\000t\000i\000o\000n\000s\000A\000r\000g\000\050\000s\000e\000l\000f\000,\000\040\000a\000r\000g\000\051}{subsection.4.1.3}% 55
\BOOKMARK [3][-]{subsubsection.4.1.3.10}{\376\377\0004\000.\0001\000.\0003\000.\0001\0000\000\040\000c\000h\000e\000c\000k\000T\000e\000s\000t\000i\000n\000g\000S\000i\000z\000e\000A\000r\000g\000\050\000s\000e\000l\000f\000,\000\040\000a\000r\000g\000\051}{subsection.4.1.3}% 56
\BOOKMARK [3][-]{subsubsection.4.1.3.11}{\376\377\0004\000.\0001\000.\0003\000.\0001\0001\000\040\000d\000i\000s\000p\000l\000a\000y\000\050\000s\000e\000l\000f\000\051}{subsection.4.1.3}% 57
\BOOKMARK [3][-]{subsubsection.4.1.3.12}{\376\377\0004\000.\0001\000.\0003\000.\0001\0002\000\040\000d\000i\000s\000p\000l\000a\000y\000E\000r\000r\000o\000r\000G\000r\000a\000d\000\050\000s\000e\000l\000f\000,\000\040\000s\000t\000r\000n\000a\000m\000e\000f\000u\000n\000c\000,\000\040\000s\000t\000r\000v\000a\000l\000u\000e\000,\000\040\000f\000u\000n\000c\000t\000i\000o\000n\000\051}{subsection.4.1.3}% 58
\BOOKMARK [1][-]{section.4.2}{\376\377\0004\000.\0002\000\040\000s\000r\000c\000.\000n\000e\000u\000r\000a\000l\000N\000e\000t\000w\000o\000r\000k\000.\000N\000e\000u\000r\000a\000l\000N\000e\000t\000w\000o\000r\000k\000\040\000C\000l\000a\000s\000s\000\040\000R\000e\000f\000e\000r\000e\000n\000c\000e}{chapter.4}% 59
\BOOKMARK [2][-]{subsection.4.2.1}{\376\377\0004\000.\0002\000.\0001\000\040\000D\000e\000t\000a\000i\000l\000e\000d\000\040\000D\000e\000s\000c\000r\000i\000p\000t\000i\000o\000n}{section.4.2}% 60
\BOOKMARK [2][-]{subsection.4.2.2}{\376\377\0004\000.\0002\000.\0002\000\040\000C\000o\000n\000s\000t\000r\000u\000c\000t\000o\000r\000\040\000\046\000\040\000D\000e\000s\000t\000r\000u\000c\000t\000o\000r\000\040\000D\000o\000c\000u\000m\000e\000n\000t\000a\000t\000i\000o\000n}{section.4.2}% 61
\BOOKMARK [3][-]{subsubsection.4.2.2.1}{\376\377\0004\000.\0002\000.\0002\000.\0001\000\040\000i\000n\000i\000t\000\050\000s\000e\000l\000f\000,\000\040\000l\000e\000n\000l\000a\000y\000e\000r\000s\000,\000\040\000s\000q\000u\000i\000s\000h\000i\000n\000g\000f\000u\000n\000c\000s\000,\000\040\000d\000i\000r\000l\000o\000a\000d\000\051}{subsection.4.2.2}% 62
\BOOKMARK [2][-]{subsection.4.2.3}{\376\377\0004\000.\0002\000.\0003\000\040\000M\000e\000m\000b\000e\000r\000\040\000F\000u\000n\000c\000t\000i\000o\000n\000\040\000D\000o\000c\000u\000m\000e\000n\000t\000a\000t\000i\000o\000n}{section.4.2}% 63
\BOOKMARK [3][-]{subsubsection.4.2.3.1}{\376\377\0004\000.\0002\000.\0003\000.\0001\000\040\000c\000a\000l\000c\000u\000l\000a\000t\000e\000N\000e\000g\000G\000r\000a\000d\000i\000e\000n\000t\000\050\000s\000e\000l\000f\000,\000\040\000i\000n\000o\000u\000t\000l\000a\000y\000e\000r\000s\000\051}{subsection.4.2.3}% 64
\BOOKMARK [3][-]{subsubsection.4.2.3.2}{\376\377\0004\000.\0002\000.\0003\000.\0002\000\040\000c\000a\000l\000c\000u\000l\000a\000t\000e\000N\000e\000g\000G\000r\000a\000d\000i\000e\000n\000t\000N\000E\000O\000\050\000s\000e\000l\000f\000,\000\040\000i\000n\000o\000u\000t\000l\000a\000y\000e\000r\000s\000,\000\040\000g\000d\000f\000a\000c\000t\000o\000r\000\051}{subsection.4.2.3}% 65
\BOOKMARK [3][-]{subsubsection.4.2.3.3}{\376\377\0004\000.\0002\000.\0003\000.\0003\000\040\000d\000e\000r\000i\000v\000a\000t\000i\000v\000e\000C\000o\000s\000t\000T\000o\000P\000a\000r\000a\000m\000\050\000s\000e\000l\000f\000,\000\040\000i\000n\000d\000e\000x\000,\000\040\000a\000,\000\040\000d\000e\000r\000f\000u\000n\000c\000z\000,\000\040\000d\000e\000r\000c\000o\000s\000t\000t\000o\000a\000\051}{subsection.4.2.3}% 66
\BOOKMARK [3][-]{subsubsection.4.2.3.4}{\376\377\0004\000.\0002\000.\0003\000.\0004\000\040\000g\000e\000n\000e\000r\000a\000t\000e\000A\000l\000l\000L\000a\000y\000e\000r\000s\000\050\000s\000e\000l\000f\000,\000\040\000i\000n\000p\000u\000t\000l\000a\000y\000e\000r\000\051}{subsection.4.2.3}% 67
\BOOKMARK [3][-]{subsubsection.4.2.3.5}{\376\377\0004\000.\0002\000.\0003\000.\0005\000\040\000g\000e\000n\000e\000r\000a\000t\000e\000I\000n\000p\000u\000t\000L\000a\000y\000e\000r\000\050\000s\000e\000l\000f\000,\000\040\000o\000u\000t\000p\000u\000t\000l\000a\000y\000e\000r\000\051}{subsection.4.2.3}% 68
\BOOKMARK [3][-]{subsubsection.4.2.3.6}{\376\377\0004\000.\0002\000.\0003\000.\0006\000\040\000g\000e\000n\000e\000r\000a\000t\000e\000O\000u\000p\000u\000t\000L\000a\000y\000e\000r\000\050\000s\000e\000l\000f\000,\000\040\000i\000n\000p\000u\000t\000l\000a\000y\000e\000r\000\051}{subsection.4.2.3}% 69
\BOOKMARK [3][-]{subsubsection.4.2.3.7}{\376\377\0004\000.\0002\000.\0003\000.\0007\000\040\000i\000n\000f\000o\000r\000m\000\050\000s\000e\000l\000f\000,\000\040\000a\000r\000g\000s\000,\000\040\000e\000r\000r\000o\000r\000r\000a\000t\000e\000,\000\040\000a\000v\000e\000r\000a\000g\000e\000c\000o\000s\000t\000\051}{subsection.4.2.3}% 70
\BOOKMARK [3][-]{subsubsection.4.2.3.8}{\376\377\0004\000.\0002\000.\0003\000.\0008\000\040\000i\000n\000i\000t\000i\000a\000l\000i\000z\000e\000E\000m\000p\000t\000y\000D\000P\000a\000r\000a\000m\000A\000r\000r\000a\000y\000s\000\050\000s\000e\000l\000f\000\051}{subsection.4.2.3}% 71
\BOOKMARK [3][-]{subsubsection.4.2.3.9}{\376\377\0004\000.\0002\000.\0003\000.\0009\000\040\000i\000n\000i\000t\000i\000a\000l\000i\000z\000e\000W\000e\000i\000g\000h\000t\000s\000B\000i\000a\000s\000e\000s\000\050\000s\000e\000l\000f\000,\000\040\000d\000i\000r\000l\000o\000a\000d\000\051}{subsection.4.2.3}% 72
\BOOKMARK [3][-]{subsubsection.4.2.3.10}{\376\377\0004\000.\0002\000.\0003\000.\0001\0000\000\040\000s\000a\000v\000e\000\050\000s\000e\000l\000f\000,\000\040\000d\000i\000r\000s\000a\000v\000e\000\051}{subsection.4.2.3}% 73
\BOOKMARK [3][-]{subsubsection.4.2.3.11}{\376\377\0004\000.\0002\000.\0003\000.\0001\0001\000\040\000t\000e\000s\000t\000\050\000s\000e\000l\000f\000,\000\040\000t\000e\000s\000t\000i\000n\000g\000d\000a\000t\000a\000\051}{subsection.4.2.3}% 74
\BOOKMARK [3][-]{subsubsection.4.2.3.12}{\376\377\0004\000.\0002\000.\0003\000.\0001\0002\000\040\000t\000r\000a\000i\000n\000\050\000s\000e\000l\000f\000,\000\040\000t\000r\000a\000i\000n\000i\000n\000g\000d\000a\000t\000a\000,\000\040\000b\000a\000t\000c\000h\000s\000i\000z\000e\000,\000\040\000g\000r\000a\000d\000i\000e\000n\000t\000D\000e\000s\000c\000e\000n\000t\000F\000a\000c\000t\000o\000r\000,\000\040\000r\000e\000p\000e\000a\000t\000\051}{subsection.4.2.3}% 75
\BOOKMARK [3][-]{subsubsection.4.2.3.13}{\376\377\0004\000.\0002\000.\0003\000.\0001\0003\000\040\000t\000r\000a\000i\000n\000N\000E\000O\000\050\000s\000e\000l\000f\000,\000\040\000t\000r\000a\000i\000n\000i\000n\000g\000d\000a\000t\000a\000,\000\040\000b\000a\000t\000c\000h\000s\000i\000z\000e\000,\000\040\000g\000r\000a\000d\000i\000e\000n\000t\000D\000e\000s\000c\000e\000n\000t\000F\000a\000c\000t\000o\000r\000,\000\040\000r\000e\000p\000e\000a\000t\000\051}{subsection.4.2.3}% 76
\BOOKMARK [0][-]{section*.14}{\376\377\000I\000n\000d\000e\000x}{}% 77
